2025-03-15T16:39:26.000Z  INFO 1 --- [msvc-users] [main] o.g.s.msvc.users.MsvcUsersApplication    : Starting MsvcUsersApplication v0.0.1-SNAPSHOT using Java 23 with PID 1 (/app/msvc-users-0.0.1-SNAPSHOT.jar started by root in /app)
2025-03-15T16:39:26.003Z  INFO 1 --- [msvc-users] [main] o.g.s.msvc.users.MsvcUsersApplication    : No active profile set, falling back to 1 default profile: "default"
2025-03-15T16:39:27.770Z  INFO 1 --- [msvc-users] [main] .s.d.r.c.RepositoryConfigurationDelegate : Bootstrapping Spring Data JPA repositories in DEFAULT mode.
2025-03-15T16:39:27.844Z  INFO 1 --- [msvc-users] [main] .s.d.r.c.RepositoryConfigurationDelegate : Finished Spring Data repository scanning in 58 ms. Found 1 JPA repository interface.
2025-03-15T16:39:28.099Z  INFO 1 --- [msvc-users] [main] o.s.cloud.context.scope.GenericScope     : BeanFactory id=6f2c2e9b-b795-352b-bb42-02230a16ffe8
2025-03-15T16:39:29.314Z  INFO 1 --- [msvc-users] [main] o.s.b.w.embedded.tomcat.TomcatWebServer  : Tomcat initialized with port 8001 (http)
2025-03-15T16:39:29.348Z  INFO 1 --- [msvc-users] [main] o.apache.catalina.core.StandardService   : Starting service [Tomcat]
2025-03-15T16:39:29.348Z  INFO 1 --- [msvc-users] [main] o.apache.catalina.core.StandardEngine    : Starting Servlet engine: [Apache Tomcat/10.1.36]
2025-03-15T16:39:29.391Z  INFO 1 --- [msvc-users] [main] o.a.c.c.C.[Tomcat].[localhost].[/]       : Initializing Spring embedded WebApplicationContext
2025-03-15T16:39:29.392Z  INFO 1 --- [msvc-users] [main] w.s.c.ServletWebServerApplicationContext : Root WebApplicationContext: initialization completed in 3296 ms
2025-03-15T16:39:29.868Z  INFO 1 --- [msvc-users] [main] com.zaxxer.hikari.HikariDataSource       : HikariPool-1 - Starting...
2025-03-15T16:39:30.528Z  INFO 1 --- [msvc-users] [main] com.zaxxer.hikari.pool.HikariPool        : HikariPool-1 - Added connection com.mysql.cj.jdbc.ConnectionImpl@429e7914
2025-03-15T16:39:30.530Z  INFO 1 --- [msvc-users] [main] com.zaxxer.hikari.HikariDataSource       : HikariPool-1 - Start completed.
2025-03-15T16:39:30.618Z  INFO 1 --- [msvc-users] [main] o.hibernate.jpa.internal.util.LogHelper  : HHH000204: Processing PersistenceUnitInfo [name: default]
2025-03-15T16:39:30.700Z  INFO 1 --- [msvc-users] [main] org.hibernate.Version                    : HHH000412: Hibernate ORM core version 6.6.8.Final
2025-03-15T16:39:30.748Z  INFO 1 --- [msvc-users] [main] o.h.c.internal.RegionFactoryInitiator    : HHH000026: Second-level cache disabled
2025-03-15T16:39:31.119Z  INFO 1 --- [msvc-users] [main] o.s.o.j.p.SpringPersistenceUnitInfo      : No LoadTimeWeaver setup: ignoring JPA class transformer
2025-03-15T16:39:31.223Z  WARN 1 --- [msvc-users] [main] org.hibernate.orm.deprecation            : HHH90000025: MySQL8Dialect does not need to be specified explicitly using 'hibernate.dialect' (remove the property setting and it will be selected by default)
2025-03-15T16:39:31.225Z  WARN 1 --- [msvc-users] [main] org.hibernate.orm.deprecation            : HHH90000026: MySQL8Dialect has been deprecated; use org.hibernate.dialect.MySQLDialect instead
2025-03-15T16:39:31.245Z  INFO 1 --- [msvc-users] [main] org.hibernate.orm.connections.pooling    : HHH10001005: Database info:
	Database JDBC URL [Connecting through datasource 'HikariDataSource (HikariPool-1)']
	Database driver: undefined/unknown
	Database version: 8.0
	Autocommit mode: undefined/unknown
	Isolation level: undefined/unknown
	Minimum pool size: undefined/unknown
	Maximum pool size: undefined/unknown
2025-03-15T16:39:32.309Z  INFO 1 --- [msvc-users] [main] o.h.e.t.j.p.i.JtaPlatformInitiator       : HHH000489: No JTA platform available (set 'hibernate.transaction.jta.platform' to enable JTA platform integration)
2025-03-15T16:39:32.380Z  INFO 1 --- [msvc-users] [main] j.LocalContainerEntityManagerFactoryBean : Initialized JPA EntityManagerFactory for persistence unit 'default'
2025-03-15T16:39:33.114Z  INFO 1 --- [msvc-users] [main] o.s.d.j.r.query.QueryEnhancerFactory     : Hibernate is in classpath; If applicable, HQL parser will be used.
2025-03-15T16:39:34.227Z  WARN 1 --- [msvc-users] [main] JpaBaseConfiguration$JpaWebConfiguration : spring.jpa.open-in-view is enabled by default. Therefore, database queries may be performed during view rendering. Explicitly configure spring.jpa.open-in-view to disable this warning
2025-03-15T16:39:35.356Z  INFO 1 --- [msvc-users] [main] o.s.b.a.e.web.EndpointLinksResolver      : Exposing 1 endpoint beneath base path '/actuator'
2025-03-15T16:39:35.440Z  INFO 1 --- [msvc-users] [main] o.s.b.w.embedded.tomcat.TomcatWebServer  : Tomcat started on port 8001 (http) with context path '/'
2025-03-15T16:39:35.460Z  INFO 1 --- [msvc-users] [main] o.g.s.msvc.users.MsvcUsersApplication    : Started MsvcUsersApplication in 10.243 seconds (process running for 11.017)
